# JRE version: OpenJDK Runtime Environment (11.0.27+6) (build 11.0.27+6-post-Ubuntu-0ubuntu122.04)
# Java VM: OpenJDK 64-Bit Server VM (11.0.27+6-post-Ubuntu-0ubuntu122.04, mixed mode, sharing, tiered, compressed oops, g1 gc, linux-amd64)
Heap:
 garbage-first heap   total 157696K, used 46800K [0x00000000c0000000, 0x0000000100000000)
  region size 1024K, 3 young (3072K), 0 survivors (0K)
 Metaspace       used 114446K, capacity 120336K, committed 122660K, reserved 1150976K
  class space    used 16731K, capacity 19826K, committed 20428K, reserved 1048576K
GC Heap History (20 events):
Event: 744.848 GC heap before
{Heap before GC invocations=22 (full 0):
 garbage-first heap   total 246784K, used 222118K [0x00000000c0000000, 0x0000000100000000)
  region size 1024K, 119 young (121856K), 2 survivors (2048K)
 Metaspace       used 109789K, capacity 115624K, committed 115876K, reserved 1146880K
  class space    used 16177K, capacity 19166K, committed 19276K, reserved 1048576K
}
Event: 744.867 GC heap after
{Heap after GC invocations=23 (full 0):
 garbage-first heap   total 246784K, used 50375K [0x00000000c0000000, 0x0000000100000000)
  region size 1024K, 7 young (7168K), 7 survivors (7168K)
 Metaspace       used 109789K, capacity 115624K, committed 115876K, reserved 1146880K
  class space    used 16177K, capacity 19166K, committed 19276K, reserved 1048576K
}
Event: 839.684 GC heap before
{Heap before GC invocations=23 (full 0):
 garbage-first heap   total 246784K, used 192711K [0x00000000c0000000, 0x0000000100000000)
  region size 1024K, 92 young (94208K), 7 survivors (7168K)
 Metaspace       used 111730K, capacity 117864K, committed 118052K, reserved 1148928K
  class space    used 16475K, capacity 19622K, committed 19660K, reserved 1048576K
}
Event: 839.704 GC heap after
{Heap after GC invocations=24 (full 0):
 garbage-first heap   total 246784K, used 51822K [0x00000000c0000000, 0x0000000100000000)
  region size 1024K, 8 young (8192K), 8 survivors (8192K)
 Metaspace       used 111730K, capacity 117864K, committed 118052K, reserved 1148928K
  class space    used 16475K, capacity 19622K, committed 19660K, reserved 1048576K
}
Event: 910.703 GC heap before
{Heap before GC invocations=24 (full 0):
 garbage-first heap   total 246784K, used 227950K [0x00000000c0000000, 0x0000000100000000)
  region size 1024K, 120 young (122880K), 8 survivors (8192K)
 Metaspace       used 113791K, capacity 120158K, committed 120484K, reserved 1150976K
  class space    used 16724K, capacity 19969K, committed 20044K, reserved 1048576K
}
Event: 910.718 GC heap after
{Heap after GC invocations=25 (full 0):
 garbage-first heap   total 246784K, used 53578K [0x00000000c0000000, 0x0000000100000000)
  region size 1024K, 9 young (9216K), 9 survivors (9216K)
 Metaspace       used 113791K, capacity 120158K, committed 120484K, reserved 1150976K
  class space    used 16724K, capacity 19969K, committed 20044K, reserved 1048576K
}
Event: 929.278 GC heap before
{Heap before GC invocations=26 (full 0):
 garbage-first heap   total 246784K, used 63818K [0x00000000c0000000, 0x0000000100000000)
  region size 1024K, 16 young (16384K), 9 survivors (9216K)
 Metaspace       used 113837K, capacity 120226K, committed 120484K, reserved 1150976K
  class space    used 16724K, capacity 19969K, committed 20044K, reserved 1048576K
}
Event: 929.313 GC heap after
{Heap after GC invocations=27 (full 0):
 garbage-first heap   total 246784K, used 53600K [0x00000000c0000000, 0x0000000100000000)
  region size 1024K, 2 young (2048K), 2 survivors (2048K)
 Metaspace       used 113837K, capacity 120226K, committed 120484K, reserved 1150976K
  class space    used 16724K, capacity 19969K, committed 20044K, reserved 1048576K
}
Event: 1810.714 GC heap before
{Heap before GC invocations=27 (full 0):
 garbage-first heap   total 246784K, used 105824K [0x00000000c0000000, 0x0000000100000000)
  region size 1024K, 41 young (41984K), 2 survivors (2048K)
 Metaspace       used 114010K, capacity 120395K, committed 120484K, reserved 1150976K
  class space    used 16730K, capacity 19977K, committed 20044K, reserved 1048576K
}
Event: 1810.964 GC heap after
{Heap after GC invocations=28 (full 1):
 garbage-first heap   total 178176K, used 49747K [0x00000000c0000000, 0x0000000100000000)
  region size 1024K, 0 young (0K), 0 survivors (0K)
 Metaspace       used 114010K, capacity 120395K, committed 120484K, reserved 1150976K
  class space    used 16730K, capacity 19977K, committed 20044K, reserved 1048576K
}
Event: 3610.727 GC heap before
{Heap before GC invocations=28 (full 1):
 garbage-first heap   total 178176K, used 95827K [0x00000000c0000000, 0x0000000100000000)
  region size 1024K, 46 young (47104K), 0 survivors (0K)
 Metaspace       used 115676K, capacity 122275K, committed 122404K, reserved 1150976K
  class space    used 17002K, capacity 20342K, committed 20428K, reserved 1048576K
}
Event: 3611.276 GC heap after
{Heap after GC invocations=29 (full 2):
 garbage-first heap   total 167936K, used 46645K [0x00000000c0000000, 0x0000000100000000)
  region size 1024K, 0 young (0K), 0 survivors (0K)
 Metaspace       used 115060K, capacity 121320K, committed 122404K, reserved 1150976K
  class space    used 16844K, capacity 20038K, committed 20428K, reserved 1048576K
}
Event: 5410.733 GC heap before
{Heap before GC invocations=29 (full 2):
 garbage-first heap   total 167936K, used 55861K [0x00000000c0000000, 0x0000000100000000)
  region size 1024K, 10 young (10240K), 0 survivors (0K)
 Metaspace       used 115123K, capacity 121402K, committed 122660K, reserved 1150976K
  class space    used 16844K, capacity 20038K, committed 20428K, reserved 1048576K
}
Event: 5412.198 GC heap after
{Heap after GC invocations=30 (full 3):
 garbage-first heap   total 157696K, used 44142K [0x00000000c0000000, 0x0000000100000000)
  region size 1024K, 0 young (0K), 0 survivors (0K)
 Metaspace       used 114438K, capacity 120336K, committed 122660K, reserved 1150976K
  class space    used 16731K, capacity 19826K, committed 20428K, reserved 1048576K
}
Event: 7210.717 GC heap before
{Heap before GC invocations=30 (full 3):
 garbage-first heap   total 157696K, used 52334K [0x00000000c0000000, 0x0000000100000000)
  region size 1024K, 9 young (9216K), 0 survivors (0K)
 Metaspace       used 114446K, capacity 120336K, committed 122660K, reserved 1150976K
  class space    used 16731K, capacity 19826K, committed 20428K, reserved 1048576K
}
Event: 7211.371 GC heap after
{Heap after GC invocations=31 (full 4):
 garbage-first heap   total 157696K, used 44140K [0x00000000c0000000, 0x0000000100000000)
  region size 1024K, 0 young (0K), 0 survivors (0K)
 Metaspace       used 114446K, capacity 120336K, committed 122660K, reserved 1150976K
  class space    used 16731K, capacity 19826K, committed 20428K, reserved 1048576K
}
Event: 9010.808 GC heap before
{Heap before GC invocations=31 (full 4):
 garbage-first heap   total 157696K, used 53356K [0x00000000c0000000, 0x0000000100000000)
  region size 1024K, 10 young (10240K), 0 survivors (0K)
 Metaspace       used 114446K, capacity 120336K, committed 122660K, reserved 1150976K
  class space    used 16731K, capacity 19826K, committed 20428K, reserved 1048576K
}
Event: 9012.391 GC heap after
{Heap after GC invocations=32 (full 5):
 garbage-first heap   total 157696K, used 44142K [0x00000000c0000000, 0x0000000100000000)
  region size 1024K, 0 young (0K), 0 survivors (0K)
 Metaspace       used 114446K, capacity 120336K, committed 122660K, reserved 1150976K
  class space    used 16731K, capacity 19826K, committed 20428K, reserved 1048576K
}
Event: 10810.739 GC heap before
{Heap before GC invocations=32 (full 5):
 garbage-first heap   total 157696K, used 52334K [0x00000000c0000000, 0x0000000100000000)
  region size 1024K, 9 young (9216K), 0 survivors (0K)
 Metaspace       used 114446K, capacity 120336K, committed 122660K, reserved 1150976K
  class space    used 16731K, capacity 19826K, committed 20428K, reserved 1048576K
}
Event: 10814.437 GC heap after
{Heap after GC invocations=33 (full 6):
 garbage-first heap   total 157696K, used 43728K [0x00000000c0000000, 0x0000000100000000)
  region size 1024K, 0 young (0K), 0 survivors (0K)
 Metaspace       used 114446K, capacity 120336K, committed 122660K, reserved 1150976K
  class space    used 16731K, capacity 19826K, committed 20428K, reserved 1048576K
}

