# JRE version: OpenJDK Runtime Environment (11.0.27+6) (build 11.0.27+6-post-Ubuntu-0ubuntu122.04)
# Java VM: OpenJDK 64-Bit Server VM (11.0.27+6-post-Ubuntu-0ubuntu122.04, mixed mode, sharing, tiered, compressed oops, g1 gc, linux-amd64)
Heap:
 garbage-first heap   total 188416K, used 63080K [0x00000000c0000000, 0x0000000100000000)
  region size 1024K, 5 young (5120K), 0 survivors (0K)
 Metaspace       used 149187K, capacity 157562K, committed 158140K, reserved 1181696K
  class space    used 20471K, capacity 24989K, committed 25176K, reserved 1048576K
GC Heap History (20 events):
Event: 3184.616 GC heap before
{Heap before GC invocations=29 (full 1):
 garbage-first heap   total 188416K, used 97813K [0x00000000c0000000, 0x0000000100000000)
  region size 1024K, 21 young (21504K), 4 survivors (4096K)
 Metaspace       used 147589K, capacity 155981K, committed 156476K, reserved 1181696K
  class space    used 20398K, capacity 24906K, committed 25048K, reserved 1048576K
}
Event: 3184.631 GC heap after
{Heap after GC invocations=30 (full 1):
 garbage-first heap   total 188416K, used 72218K [0x00000000c0000000, 0x0000000100000000)
  region size 1024K, 4 young (4096K), 4 survivors (4096K)
 Metaspace       used 147589K, capacity 155981K, committed 156476K, reserved 1181696K
  class space    used 20398K, capacity 24906K, committed 25048K, reserved 1048576K
}
Event: 3184.889 GC heap before
{Heap before GC invocations=31 (full 1):
 garbage-first heap   total 188416K, used 93722K [0x00000000c0000000, 0x0000000100000000)
  region size 1024K, 17 young (17408K), 4 survivors (4096K)
 Metaspace       used 147653K, capacity 156039K, committed 156476K, reserved 1181696K
  class space    used 20403K, capacity 24916K, committed 25048K, reserved 1048576K
}
Event: 3184.897 GC heap after
{Heap after GC invocations=32 (full 1):
 garbage-first heap   total 188416K, used 71409K [0x00000000c0000000, 0x0000000100000000)
  region size 1024K, 4 young (4096K), 4 survivors (4096K)
 Metaspace       used 147653K, capacity 156039K, committed 156476K, reserved 1181696K
  class space    used 20403K, capacity 24916K, committed 25048K, reserved 1048576K
}
Event: 3188.171 GC heap before
{Heap before GC invocations=33 (full 1):
 garbage-first heap   total 188416K, used 90865K [0x00000000c0000000, 0x0000000100000000)
  region size 1024K, 15 young (15360K), 4 survivors (4096K)
 Metaspace       used 147790K, capacity 156192K, committed 156476K, reserved 1181696K
  class space    used 20404K, capacity 24917K, committed 25048K, reserved 1048576K
}
Event: 3188.211 GC heap after
{Heap after GC invocations=34 (full 1):
 garbage-first heap   total 188416K, used 72243K [0x00000000c0000000, 0x0000000100000000)
  region size 1024K, 4 young (4096K), 4 survivors (4096K)
 Metaspace       used 147790K, capacity 156192K, committed 156476K, reserved 1181696K
  class space    used 20404K, capacity 24917K, committed 25048K, reserved 1048576K
}
Event: 3192.367 GC heap before
{Heap before GC invocations=35 (full 1):
 garbage-first heap   total 188416K, used 99891K [0x00000000c0000000, 0x0000000100000000)
  region size 1024K, 22 young (22528K), 4 survivors (4096K)
 Metaspace       used 147979K, capacity 156388K, committed 156732K, reserved 1181696K
  class space    used 20406K, capacity 24921K, committed 25048K, reserved 1048576K
}
Event: 3192.384 GC heap after
{Heap after GC invocations=36 (full 1):
 garbage-first heap   total 188416K, used 72395K [0x00000000c0000000, 0x0000000100000000)
  region size 1024K, 4 young (4096K), 4 survivors (4096K)
 Metaspace       used 147979K, capacity 156388K, committed 156732K, reserved 1181696K
  class space    used 20406K, capacity 24921K, committed 25048K, reserved 1048576K
}
Event: 3193.009 GC heap before
{Heap before GC invocations=37 (full 1):
 garbage-first heap   total 188416K, used 97995K [0x00000000c0000000, 0x0000000100000000)
  region size 1024K, 20 young (20480K), 4 survivors (4096K)
 Metaspace       used 148059K, capacity 156475K, committed 156732K, reserved 1181696K
  class space    used 20407K, capacity 24924K, committed 25048K, reserved 1048576K
}
Event: 3193.040 GC heap after
{Heap after GC invocations=38 (full 1):
 garbage-first heap   total 188416K, used 72244K [0x00000000c0000000, 0x0000000100000000)
  region size 1024K, 4 young (4096K), 4 survivors (4096K)
 Metaspace       used 148059K, capacity 156475K, committed 156732K, reserved 1181696K
  class space    used 20407K, capacity 24924K, committed 25048K, reserved 1048576K
}
Event: 3266.692 GC heap before
{Heap before GC invocations=39 (full 1):
 garbage-first heap   total 188416K, used 94772K [0x00000000c0000000, 0x0000000100000000)
  region size 1024K, 18 young (18432K), 4 survivors (4096K)
 Metaspace       used 148313K, capacity 156745K, committed 156988K, reserved 1181696K
  class space    used 20408K, capacity 24925K, committed 25048K, reserved 1048576K
}
Event: 3266.705 GC heap after
{Heap after GC invocations=40 (full 1):
 garbage-first heap   total 188416K, used 72761K [0x00000000c0000000, 0x0000000100000000)
  region size 1024K, 5 young (5120K), 5 survivors (5120K)
 Metaspace       used 148313K, capacity 156745K, committed 156988K, reserved 1181696K
  class space    used 20408K, capacity 24925K, committed 25048K, reserved 1048576K
}
Event: 3607.918 GC heap before
{Heap before GC invocations=41 (full 1):
 garbage-first heap   total 188416K, used 81977K [0x00000000c0000000, 0x0000000100000000)
  region size 1024K, 10 young (10240K), 5 survivors (5120K)
 Metaspace       used 148355K, capacity 156844K, committed 156988K, reserved 1181696K
  class space    used 20412K, capacity 24932K, committed 25048K, reserved 1048576K
}
Event: 3608.116 GC heap after
{Heap after GC invocations=42 (full 2):
 garbage-first heap   total 188416K, used 58437K [0x00000000c0000000, 0x0000000100000000)
  region size 1024K, 0 young (0K), 0 survivors (0K)
 Metaspace       used 148348K, capacity 156833K, committed 156988K, reserved 1181696K
  class space    used 20409K, capacity 24928K, committed 25048K, reserved 1048576K
}
Event: 5407.920 GC heap before
{Heap before GC invocations=42 (full 2):
 garbage-first heap   total 188416K, used 68677K [0x00000000c0000000, 0x0000000100000000)
  region size 1024K, 11 young (11264K), 0 survivors (0K)
 Metaspace       used 148384K, capacity 156848K, committed 156988K, reserved 1181696K
  class space    used 20409K, capacity 24928K, committed 25048K, reserved 1048576K
}
Event: 5408.609 GC heap after
{Heap after GC invocations=43 (full 3):
 garbage-first heap   total 188416K, used 58029K [0x00000000c0000000, 0x0000000100000000)
  region size 1024K, 0 young (0K), 0 survivors (0K)
 Metaspace       used 148384K, capacity 156848K, committed 156988K, reserved 1181696K
  class space    used 20409K, capacity 24928K, committed 25048K, reserved 1048576K
}
Event: 6695.317 GC heap before
{Heap before GC invocations=43 (full 3):
 garbage-first heap   total 188416K, used 131757K [0x00000000c0000000, 0x0000000100000000)
  region size 1024K, 58 young (59392K), 0 survivors (0K)
 Metaspace       used 149384K, capacity 157914K, committed 158140K, reserved 1181696K
  class space    used 20508K, capacity 25060K, committed 25176K, reserved 1048576K
}
Event: 6695.413 GC heap after
{Heap after GC invocations=44 (full 3):
 garbage-first heap   total 188416K, used 60840K [0x00000000c0000000, 0x0000000100000000)
  region size 1024K, 3 young (3072K), 3 survivors (3072K)
 Metaspace       used 149384K, capacity 157914K, committed 158140K, reserved 1181696K
  class space    used 20508K, capacity 25060K, committed 25176K, reserved 1048576K
}
Event: 7207.922 GC heap before
{Heap before GC invocations=44 (full 3):
 garbage-first heap   total 188416K, used 83368K [0x00000000c0000000, 0x0000000100000000)
  region size 1024K, 17 young (17408K), 3 survivors (3072K)
 Metaspace       used 149464K, capacity 158003K, committed 158140K, reserved 1181696K
  class space    used 20510K, capacity 25063K, committed 25176K, reserved 1048576K
}
Event: 7208.486 GC heap after
{Heap after GC invocations=45 (full 4):
 garbage-first heap   total 188416K, used 57960K [0x00000000c0000000, 0x0000000100000000)
  region size 1024K, 0 young (0K), 0 survivors (0K)
 Metaspace       used 149179K, capacity 157562K, committed 158140K, reserved 1181696K
  class space    used 20471K, capacity 24989K, committed 25176K, reserved 1048576K
}

